2016-05-13 12:31:31 Error: [Cake\Database\Exception] SQLSTATE[42S02]: Base table or view not found: 1146 Table 'okpionir.manus' doesn't exist
Stack Trace:
#0 C:\xampp\htdocs\okpionir\vendor\cakephp\cakephp\src\Database\Schema\Collection.php(96): Cake\Database\Schema\Collection->_reflect('Column', 'manus', Array, Object(Cake\Database\Schema\Table))
#1 C:\xampp\htdocs\okpionir\vendor\cakephp\cakephp\src\Database\Schema\CachedCollection.php(64): Cake\Database\Schema\Collection->describe('manus', Array)
#2 C:\xampp\htdocs\okpionir\vendor\cakephp\cakephp\src\ORM\Table.php(429): Cake\Database\Schema\CachedCollection->describe('manus')
#3 C:\xampp\htdocs\okpionir\vendor\cakephp\cakephp\src\ORM\Table.php(505): Cake\ORM\Table->schema()
#4 C:\xampp\htdocs\okpionir\vendor\cakephp\bake\src\Shell\Task\ModelTask.php(206): Cake\ORM\Table->primaryKey()
#5 C:\xampp\htdocs\okpionir\vendor\cakephp\bake\src\Shell\Task\ModelTask.php(124): Bake\Shell\Task\ModelTask->getAssociations(Object(Cake\ORM\Table))
#6 C:\xampp\htdocs\okpionir\vendor\cakephp\bake\src\Shell\Task\ModelTask.php(109): Bake\Shell\Task\ModelTask->getTableContext(Object(Cake\ORM\Table), 'manus', 'Manus')
#7 C:\xampp\htdocs\okpionir\vendor\cakephp\bake\src\Shell\Task\ModelTask.php(96): Bake\Shell\Task\ModelTask->bake('Manus')
#8 C:\xampp\htdocs\okpionir\vendor\cakephp\bake\src\Shell\BakeShell.php(250): Bake\Shell\Task\ModelTask->main('Manus')
#9 C:\xampp\htdocs\okpionir\vendor\cakephp\cakephp\src\Collection\CollectionTrait.php(51): Bake\Shell\BakeShell->Bake\Shell\{closure}('Manus', 0)
#10 C:\xampp\htdocs\okpionir\vendor\cakephp\bake\src\Shell\BakeShell.php(253): Cake\Collection\Collection->each(Object(Closure))
#11 [internal function]: Bake\Shell\BakeShell->all('manus')
#12 C:\xampp\htdocs\okpionir\vendor\cakephp\cakephp\src\Console\Shell.php(444): call_user_func_array(Array, Array)
#13 C:\xampp\htdocs\okpionir\vendor\cakephp\cakephp\src\Console\ShellDispatcher.php(217): Cake\Console\Shell->runCommand(Array, true, Array)
#14 C:\xampp\htdocs\okpionir\vendor\cakephp\cakephp\src\Console\ShellDispatcher.php(181): Cake\Console\ShellDispatcher->_dispatch(Array)
#15 C:\xampp\htdocs\okpionir\vendor\cakephp\cakephp\src\Console\ShellDispatcher.php(127): Cake\Console\ShellDispatcher->dispatch(Array)
#16 C:\xampp\htdocs\okpionir\bin\cake.php(33): Cake\Console\ShellDispatcher::run(Array)
#17 {main}


